
================================================================
======== txAdmin v7.2.2 atop fxserver 9823 Starting - 11/09/2024, 11:53:07
================================================================
[11:53:27][Big_Hanout] created admins file
[11:53:48][Big_Hanout] Changing global/fxserver settings via setup stepper.
[11:54:03][Big_Hanout] Changing global settings.
[11:54:08][Big_Hanout] Changing fxRunner settings.
[11:56:39][Big_Hanout] executed "RESTART SERVER"
[13:06:44][Big_Hanout] executed "RESTART SERVER"
[13:07:37][Big_Hanout] executed "RESTART SERVER"
[13:46:16][Big_Hanout] executed "RESTART SERVER"
[13:59:26][Big_Hanout] executed "RESTART SERVER"
[14:17:30][Big_Hanout] executed "RESTART SERVER"
[14:35:45][Big_Hanout] executed "RESTART SERVER"
[14:40:49][Big_Hanout] executed "RESTART SERVER"
[14:49:07][Big_Hanout] executed "RESTART SERVER"
[15:00:52][Big_Hanout] executed "RESTART SERVER"
[15:20:49][Big_Hanout] executed "RESTART SERVER"
[15:21:54][Big_Hanout] executed "RESTART SERVER"

================================================================
======== txAdmin v7.2.2 atop fxserver 9823 Starting - 11/09/2024, 16:57:09
================================================================

================================================================
======== txAdmin v7.2.2 atop fxserver 9823 Starting - 11/09/2024, 16:59:04
================================================================

================================================================
======== txAdmin v7.2.2 atop fxserver 9823 Starting - 11/09/2024, 17:04:34
================================================================

================================================================
======== txAdmin v7.2.2 atop fxserver 9823 Starting - 11/09/2024, 17:06:44
================================================================
[17:15:26][Big_Hanout] logged in from 127.0.0.1 via cfxre
[17:15:43][Big_Hanout] executed "RESTART SERVER"
[17:16:20][Big_Hanout] executed "RESTART SERVER"
[17:20:50][Big_Hanout] executed "RESTART SERVER"
[17:21:57][Big_Hanout] executed "RESTART SERVER"
[17:22:42][Big_Hanout] executed "RESTART SERVER"
[17:36:24][Big_Hanout] executed "RESTART SERVER"
[17:56:34][Big_Hanout] executed "RESTART SERVER"
[18:30:44][Big_Hanout] executed "RESTART SERVER"
[19:27:55][Big_Hanout] executed "RESTART SERVER"
[19:33:45][Big_Hanout] executed "RESTART SERVER"
[19:35:56][Big_Hanout] executed "RESTART SERVER"
[19:42:24][Big_Hanout] executed "RESTART SERVER"
[19:46:50][Big_Hanout] executed "RESTART SERVER"
